  pch.cpp
  dllmain.cpp
  windowsInt.cpp
C:\Users\Owner\source\repos\Windows\Windows\windowsInt.cpp(11,6): warning C4273: 'ShowTaskbar': inconsistent dll linkage
C:\Users\Owner\source\repos\Windows\Windows\windowsInt.h(10,32): message : see previous definition of 'ShowTaskbar'
C:\Users\Owner\source\repos\Windows\Windows\windowsInt.cpp(18,6): warning C4273: 'ToggleTaskbar': inconsistent dll linkage
C:\Users\Owner\source\repos\Windows\Windows\windowsInt.h(12,32): message : see previous definition of 'ToggleTaskbar'
C:\Users\Owner\source\repos\Windows\Windows\windowsInt.cpp(28,6): warning C4273: 'MinimizeAllWindows': inconsistent dll linkage
C:\Users\Owner\source\repos\Windows\Windows\windowsInt.h(13,32): message : see previous definition of 'MinimizeAllWindows'
C:\Users\Owner\source\repos\Windows\Windows\windowsInt.cpp(35,6): warning C4273: 'RestoreAllWindows': inconsistent dll linkage
C:\Users\Owner\source\repos\Windows\Windows\windowsInt.h(14,32): message : see previous definition of 'RestoreAllWindows'
C:\Users\Owner\source\repos\Windows\Windows\windowsInt.cpp(42,6): warning C4273: 'SetVolumeLevel': inconsistent dll linkage
C:\Users\Owner\source\repos\Windows\Windows\windowsInt.h(15,32): message : see previous definition of 'SetVolumeLevel'
C:\Users\Owner\source\repos\Windows\Windows\windowsInt.cpp(50,6): warning C4273: 'MuteVolume': inconsistent dll linkage
C:\Users\Owner\source\repos\Windows\Windows\windowsInt.h(16,32): message : see previous definition of 'MuteVolume'
C:\Users\Owner\source\repos\Windows\Windows\windowsInt.cpp(56,6): warning C4273: 'UnmuteVolume': inconsistent dll linkage
C:\Users\Owner\source\repos\Windows\Windows\windowsInt.h(17,32): message : see previous definition of 'UnmuteVolume'
C:\Users\Owner\source\repos\Windows\Windows\windowsInt.cpp(62,6): warning C4273: 'OpenWebBrowser': inconsistent dll linkage
C:\Users\Owner\source\repos\Windows\Windows\windowsInt.h(18,32): message : see previous definition of 'OpenWebBrowser'
C:\Users\Owner\source\repos\Windows\Windows\windowsInt.cpp(68,6): warning C4273: 'ShutdownSystem': inconsistent dll linkage
C:\Users\Owner\source\repos\Windows\Windows\windowsInt.h(19,32): message : see previous definition of 'ShutdownSystem'
C:\Users\Owner\source\repos\Windows\Windows\windowsInt.cpp(91,6): warning C4273: 'LogoffUser': inconsistent dll linkage
C:\Users\Owner\source\repos\Windows\Windows\windowsInt.h(22,32): message : see previous definition of 'LogoffUser'
C:\Users\Owner\source\repos\Windows\Windows\windowsInt.cpp(97,6): warning C4273: 'LockWorkstation': inconsistent dll linkage
C:\Users\Owner\source\repos\Windows\Windows\windowsInt.h(21,32): message : see previous definition of 'LockWorkstation'
C:\Users\Owner\source\repos\Windows\Windows\windowsInt.cpp(103,6): warning C4273: 'SetWallpaper': inconsistent dll linkage
C:\Users\Owner\source\repos\Windows\Windows\windowsInt.h(20,32): message : see previous definition of 'SetWallpaper'
C:\Users\Owner\source\repos\Windows\Windows\windowsInt.cpp(109,20): warning C4273: 'HideTaskbar': inconsistent dll linkage
C:\Users\Owner\source\repos\Windows\Windows\windowsInt.h(11,32): message : see previous definition of 'HideTaskbar'
C:\Users\Owner\source\repos\Windows\Windows\windowsInt.cpp(136,6): warning C4273: 'AddToStartup': inconsistent dll linkage
C:\Users\Owner\source\repos\Windows\Windows\windowsInt.h(23,32): message : see previous definition of 'AddToStartup'
C:\Users\Owner\source\repos\Windows\Windows\windowsInt.cpp(141,91): warning C4267: 'argument': conversion from 'size_t' to 'DWORD', possible loss of data
C:\Users\Owner\source\repos\Windows\Windows\windowsInt.cpp(147,6): warning C4273: 'RemoveFromStartup': inconsistent dll linkage
C:\Users\Owner\source\repos\Windows\Windows\windowsInt.h(24,32): message : see previous definition of 'RemoveFromStartup'
  Generating Code...
     Creating library C:\Users\Owner\source\repos\Windows\x64\Debug\Windows.lib and object C:\Users\Owner\source\repos\Windows\x64\Debug\Windows.exp
  Windows.vcxproj -> C:\Users\Owner\source\repos\Windows\x64\Debug\Windows.dll
